<?xml version="1.0" encoding="UTF-8"?>
<!-- Generated by org.testng.reporters.JUnitReportReporter -->
<testsuite hostname="INHYDDPC034" name="com.redbus.testScripts.REDBUS001" tests="1" failures="0" timestamp="12 Apr 2016 09:02:27 GMT" time="45.832" errors="0">
  <testcase name="verifySearchBuses" time="45.832" classname="com.redbus.testScripts.REDBUS001"/>
</testsuite> <!-- com.redbus.testScripts.REDBUS001 -->
